<?xml version="1.0" encoding="UTF-8"?>
<!-- Generated by org.testng.reporters.JUnitReportReporter -->
<testsuite hostname="DESKTOP-6RAGRLU" failures="0" tests="3" name="TestNg.DataProviderEx2" time="0.058" errors="0" timestamp="2024-06-20T10:40:49 IST" skipped="0">
  <testcase classname="TestNg.DataProviderEx2" name="bookTicketTest" time="0.040"/>
  <system-out/>
  <testcase classname="TestNg.DataProviderEx2" name="bookTicketTest" time="0.011"/>
  <system-out/>
  <testcase classname="TestNg.DataProviderEx2" name="bookTicketTest" time="0.007"/>
  <system-out/>
</testsuite> <!-- TestNg.DataProviderEx2 -->
