<?xml version="1.0" encoding="UTF-8"?>
<!-- Generated by org.testng.reporters.JUnitReportReporter -->
<testsuite hostname="DESKTOP-6RAGRLU" failures="0" tests="5" name="TestNg.SampleTest" time="0.061" errors="0" timestamp="2024-06-18T10:44:48 IST" skipped="0">
  <testcase classname="TestNg.SampleTest" name="CreatePrduct" time="0.002"/>
  <system-out/>
  <testcase classname="TestNg.SampleTest" name="CreatePrduct" time="0.030"/>
  <system-out/>
  <testcase classname="TestNg.SampleTest" name="CreatePrduct" time="0.011"/>
  <system-out/>
  <testcase classname="TestNg.SampleTest" name="MOdifyPrduct" time="0.005"/>
  <system-out/>
  <testcase classname="TestNg.SampleTest" name="DeletePrduct" time="0.013"/>
  <system-out/>
</testsuite> <!-- TestNg.SampleTest -->
