<?xml version="1.0" encoding="UTF-8"?>
<!-- Generated by org.testng.reporters.JUnitReportReporter -->
<testsuite hostname="DESKTOP-6RAGRLU" failures="0" tests="3" name="TestNg.BookTicket" time="0.046" errors="0" timestamp="2024-06-19T12:04:01 IST" skipped="0">
  <testcase classname="TestNg.BookTicket" name="bookTicketTest" time="0.005"/>
  <system-out/>
  <testcase classname="TestNg.BookTicket" name="bookTicketTest" time="0.002"/>
  <system-out/>
  <testcase classname="TestNg.BookTicket" name="bookTicketTest" time="0.039"/>
  <system-out/>
</testsuite> <!-- TestNg.BookTicket -->
