<?xml version="1.0" encoding="UTF-8"?>
<!-- Generated by org.testng.reporters.JUnitReportReporter -->
<testsuite hostname="DESKTOP-6RAGRLU" failures="0" tests="1" name="Organisation.CreateOrganisation" time="155.950" errors="0" timestamp="2024-06-19T10:26:42 IST" skipped="0">
  <testcase classname="Organisation.CreateOrganisation" name="CreateOrganisation" time="155.950"/>
  <system-out/>
</testsuite> <!-- Organisation.CreateOrganisation -->
