<?xml version="1.0" encoding="UTF-8"?>
<!-- Generated by org.testng.reporters.JUnitReportReporter -->
<testsuite hostname="DESKTOP-6RAGRLU" failures="0" tests="3" name="TestNg.DataProviderEx3" time="202.571" errors="0" timestamp="2024-06-20T11:42:29 IST" skipped="0">
  <testcase classname="TestNg.DataProviderEx3" name="data" time="44.549"/>
  <system-out/>
  <testcase classname="TestNg.DataProviderEx3" name="data" time="48.945"/>
  <system-out/>
  <testcase classname="TestNg.DataProviderEx3" name="data" time="109.077"/>
  <system-out/>
</testsuite> <!-- TestNg.DataProviderEx3 -->
