<?xml version="1.0" encoding="UTF-8"?>
<!-- Generated by org.testng.reporters.JUnitReportReporter -->
<testsuite hostname="DESKTOP-6RAGRLU" failures="0" tests="1" name="Product.CreateProductTest" time="48.507" errors="0" timestamp="2024-06-26T12:04:43 IST" skipped="0">
  <testcase classname="Product.CreateProductTest" name="CreateProductTest" time="48.507"/>
  <system-out/>
</testsuite> <!-- Product.CreateProductTest -->
